


materialPath: C:\Program Files (x86)\Steam\SteamApps\common\Team Fortress 2\tf\materials
Loading C:\Program Files (x86)\Steam\SteamApps\common\Team Fortress 2\content\tf\AlaskaBurn\pl_alaskaburn.vmf
ConVarRef mat_reduceparticles doesn't point to an existing ConVar
fixing up env_cubemap materials on brush sides...
0...1...2...3...4...5...6...7...8...9...100...1...2...3...4...5...6...7...8...9...10Processing areas...done (0)
Building Faces...done (0)
FixTjuncs...
PruneNodes...
WriteBSP...
done (0)
writing C:\Program Files (x86)\Steam\SteamApps\common\Team Fortress 2\content\tf\AlaskaBurn\pl_alaskaburn.prt...Building visibility clusters...
done (0)
*** Error: Skybox vtf files for skybox/sky_tf2_04 weren't compiled with the same size texture and/or same flags!
Can't load skybox file skybox/sky_tf2_04 to build the default cubemap!
*** Error: Skybox vtf files for skybox/sky_tf2_04 weren't compiled with the same size texture and/or same flags!
Can't load skybox file skybox/sky_tf2_04 to build the default cubemap!
Finding displacement neighbors...
Finding lightmap sample positions...
Displacement Alpha : 0...1...2...3...4...5...6...7...8...9...10
Building Physics collision data...
done (0) (14041 bytes)
Placing detail props : 0...1...2...3...4...5...6...7...8...9...10
Compacting texture/material tables...
Reduced 49 texinfos to 30
Reduced 7 texdatas to 7 (132 bytes to 132)
Writing C:\Program Files (x86)\Steam\SteamApps\common\Team Fortress 2\content\tf\AlaskaBurn\pl_alaskaburn.bsp
0 seconds elapsed



8 threads
reading c:\program files (x86)\steam\steamapps\common\team fortress 2\content\tf\alaskaburn\pl_alaskaburn.bsp
reading c:\program files (x86)\steam\steamapps\common\team fortress 2\content\tf\alaskaburn\pl_alaskaburn.prt
  41 portalclusters
  63 numportals
0...1...2...3...4...5...6...7...8...9...10Optimized: 34 visible clusters (3.78%)
Total clusters visible: 899
Average clusters visible: 21
Building PAS...
Average clusters audible: 40
visdatasize:826  compressed from 656
writing c:\program files (x86)\steam\steamapps\common\team fortress 2\content\tf\alaskaburn\pl_alaskaburn.bsp
0 seconds elapsed



[Reading texlights from 'lights.rad']
[34 texlights parsed from 'lights.rad']

Loading c:\program files (x86)\steam\steamapps\common\team fortress 2\content\tf\alaskaburn\pl_alaskaburn.bsp
250 faces
271760 square feet [39133544.00 square inches]
0 Displacements
0 Square Feet [0.00 Square Inches]
250 patches before subdivision
8458 patches after subdivision
0 direct lights
0...1...2...3...4...5...6...7...8...9...100...1...2...3...4...5...6...7...8...9...10transfers 177826, max 216
transfer lists:   1.4 megs
0...1...2...3...4...5...6...7...8...9...10	Bounce #1 added RGB(0, 0, 0)
Build Patch/Sample Hash Table(s).....Done<0.0024 sec>
0...1...2...3...4...5...6...7...8...9...10FinalLightFace Done
0 of 0 (0% of) surface lights went in leaf ambient cubes.
0...1...2...3...4...5...6...7...8...9...10Writing leaf ambient...done
Ready to Finish

Object names       Objects/Maxobjs  Memory / Maxmem  Fullness 
------------       ---------------  ---------------  -------- 
models                  13/1024          624/49152    ( 1.3%) 
brushes                 32/8192          384/98304    ( 0.4%) 
brushsides             192/65536        1536/524288   ( 0.3%) 
planes                 196/65536        3920/1310720  ( 0.3%) 
vertexes               407/65536        4884/786432   ( 0.6%) 
nodes                  191/65536        6112/2097152  ( 0.3%) 
texinfos                30/12288        2160/884736   ( 0.2%) 
texdata                  7/2048          224/65536    ( 0.3%) 
dispinfos                0/0               0/0        ( 0.0%) 
disp_verts               0/0               0/0        ( 0.0%) 
disp_tris                0/0               0/0        ( 0.0%) 
disp_lmsamples           0/0               0/0        ( 0.0%) 
faces                  250/65536       14000/3670016  ( 0.4%) 
hdr faces                0/65536           0/3670016  ( 0.0%) 
origfaces              118/65536        6608/3670016  ( 0.2%) 
leaves                 205/65536        6560/2097152  ( 0.3%) 
leaffaces              259/65536         518/131072   ( 0.4%) 
leafbrushes             93/65536         186/131072   ( 0.1%) 
areas                    2/256            16/2048     ( 0.8%) 
surfedges             1634/512000       6536/2048000  ( 0.3%) 
edges                  934/256000       3736/1024000  ( 0.4%) 
LDR worldlights          0/8192            0/720896   ( 0.0%) 
HDR worldlights          0/8192            0/720896   ( 0.0%) 
leafwaterdata            0/32768           0/393216   ( 0.0%) 
waterstrips             23/32768         230/327680   ( 0.1%) 
waterverts               0/65536           0/786432   ( 0.0%) 
waterindices           369/65536         738/131072   ( 0.6%) 
cubemapsamples           0/1024            0/16384    ( 0.0%) 
overlays                 0/512             0/180224   ( 0.0%) 
LDR lightdata         [variable]      191608/0        ( 0.0%) 
HDR lightdata         [variable]           0/0        ( 0.0%) 
visdata               [variable]         826/16777216 ( 0.0%) 
entdata               [variable]       27215/393216   ( 6.9%) 
LDR ambient table      205/65536         820/262144   ( 0.3%) 
HDR ambient table      205/65536         820/262144   ( 0.3%) 
LDR leaf ambient       113/65536        3164/1835008  ( 0.2%) 
HDR leaf ambient       205/65536        5740/1835008  ( 0.3%) 
occluders                0/0               0/0        ( 0.0%) 
occluder polygons        0/0               0/0        ( 0.0%) 
occluder vert ind        0/0               0/0        ( 0.0%) 
detail props          [variable]           1/12       ( 8.3%) 
static props          [variable]           1/12       ( 8.3%) 
pakfile               [variable]          54/0        ( 0.0%) 
physics               [variable]       14041/4194304  ( 0.3%) 
physics terrain       [variable]           2/1048576  ( 0.0%) 

Level flags = 0

Total triangle count: 662
Writing c:\program files (x86)\steam\steamapps\common\team fortress 2\content\tf\alaskaburn\pl_alaskaburn.bsp
0 seconds elapsed
