PRT1
215
591
4 0 2 (6083.049805 4096 3063.070068 ) (5120 4096 3063.070068 ) (5120 4096 -2023.070068 ) (6083.049805 4096 -2023.070068 ) 
4 0 1 (5120 4096 -2023.070068 ) (5120 4096 3063.070068 ) (5120 4352 3063.070068 ) (5120 4352 -2023.070068 ) 
4 1 8 (4096 4096 -2023.070068 ) (4096 4096 3063.070068 ) (4096 4352 3063.070068 ) (4096 4352 -2023.070068 ) 
4 1 3 (5120 4096 -2023.070068 ) (5120 4096 3063.070068 ) (4096 4096 3063.070068 ) (4096 4096 -2023.070068 ) 
4 2 4 (6083.049805 3072 3063.070068 ) (5120 3072 3063.070068 ) (5120 3072 -2023.070068 ) (6083.049805 3072 -2023.070068 ) 
4 2 3 (5120 4096 3063.070068 ) (5120 4096 -2023.070068 ) (5120 3072 -2023.070068 ) (5120 3072 3063.070068 ) 
4 3 16 (4096 3072 -2023.070068 ) (4096 3072 1024 ) (4096 4096 1024 ) (4096 4096 -2023.070068 ) 
4 3 14 (4096 3072 1024 ) (4096 3072 1472 ) (4096 3584 1472 ) (4096 3584 1024 ) 
4 3 13 (4096 3584 1472 ) (4096 4096 1472 ) (4096 4096 1024 ) (4096 3584 1024 ) 
4 3 12 (4096 3072 1472 ) (4096 3072 3063.070068 ) (4096 4096 3063.070068 ) (4096 4096 1472 ) 
4 3 5 (5120 3072 -2023.070068 ) (5120 3072 3063.070068 ) (4096 3072 3063.070068 ) (4096 3072 -2023.070068 ) 
4 4 6 (6083.049805 2048 3063.070068 ) (5120 2048 3063.070068 ) (5120 2048 -2023.070068 ) (6083.049805 2048 -2023.070068 ) 
4 4 5 (5120 2048 -2023.070068 ) (5120 2048 3063.070068 ) (5120 3072 3063.070068 ) (5120 3072 -2023.070068 ) 
4 5 25 (4096 2048 -2023.070068 ) (4096 2048 1024 ) (4096 3072 1024 ) (4096 3072 -2023.070068 ) 
4 5 23 (4096 2048 1024 ) (4096 2048 1472 ) (4096 3072 1472 ) (4096 3072 1024 ) 
4 5 22 (4096 2048 1472 ) (4096 2048 3063.070068 ) (4096 3072 3063.070068 ) (4096 3072 1472 ) 
4 5 7 (4096 2048 3063.070068 ) (4096 2048 -2023.070068 ) (5120 2048 -2023.070068 ) (5120 2048 3063.070068 ) 
4 6 87 (6083.049805 1024 3063.070068 ) (5120 1024 3063.070068 ) (5120 1024 -2023.070068 ) (6083.049805 1024 -2023.070068 ) 
4 6 7 (5120 2048 3063.070068 ) (5120 2048 -2023.070068 ) (5120 1024 -2023.070068 ) (5120 1024 3063.070068 ) 
4 7 88 (5120 1024 -2023.070068 ) (5120 1024 3063.070068 ) (4096 1024 3063.070068 ) (4096 1024 -2023.070068 ) 
4 7 47 (4096 1024 -2023.070068 ) (4096 1024 1024 ) (4096 2048 1024 ) (4096 2048 -2023.070068 ) 
4 7 45 (4096 1024 1024 ) (4096 1024 1472 ) (4096 2048 1472 ) (4096 2048 1024 ) 
4 7 44 (4096 1024 1472 ) (4096 1024 3063.070068 ) (4096 2048 3063.070068 ) (4096 2048 1472 ) 
4 8 16 (4096 4096 -2023.070068 ) (4096 4096 1024 ) (3072 4096 1024 ) (3072 4096 -2023.070068 ) 
4 8 13 (4096 4096 1024 ) (4096 4096 1472 ) (3072 4096 1472 ) (3072 4096 1024 ) 
4 8 12 (4096 4096 1472 ) (4096 4096 3063.070068 ) (3072 4096 3063.070068 ) (3072 4096 1472 ) 
4 8 9 (3072 4096 -2023.070068 ) (3072 4096 3063.070068 ) (3072 4352 3063.070068 ) (3072 4352 -2023.070068 ) 
4 9 21 (3072 4096 -2023.070068 ) (3072 4096 1024 ) (2048 4096 1024 ) (2048 4096 -2023.070068 ) 
4 9 17 (3072 4096 1024 ) (3072 4096 3063.070068 ) (2048 4096 3063.070068 ) (2048 4096 1024 ) 
4 9 10 (2048 4096 -2023.070068 ) (2048 4096 3063.070068 ) (2048 4352 3063.070068 ) (2048 4352 -2023.070068 ) 
4 10 69 (2048 4096 -2023.070068 ) (2048 4096 1024 ) (1024 4096 1024 ) (1024 4096 -2023.070068 ) 
4 10 64 (2048 4096 1024 ) (2048 4096 3063.070068 ) (1536 4096 3063.070068 ) (1536 4096 1024 ) 
4 10 68 (1536 4096 3063.070068 ) (1024 4096 3063.070068 ) (1024 4096 1024 ) (1536 4096 1024 ) 
4 10 11 (1024 4096 -2023.070068 ) (1024 4096 3063.070068 ) (1024 4352 3063.070068 ) (1024 4352 -2023.070068 ) 
4 11 147 (0 4096 -2023.070068 ) (0 4096 3063.070068 ) (0 4352 3063.070068 ) (0 4352 -2023.070068 ) 
4 11 70 (1024 4096 -2023.070068 ) (1024 4096 3063.070068 ) (0 4096 3063.070068 ) (0 4096 -2023.070068 ) 
4 12 22 (4096 3072 1472 ) (4096 3072 3063.070068 ) (3072 3072 3063.070068 ) (3072 3072 1472 ) 
4 12 18 (3072 3584 1472 ) (3072 3072 1472 ) (3072 3072 3063.070068 ) (3072 3584 3063.070068 ) 
4 12 17 (3072 4096 3063.070068 ) (3072 4096 1472 ) (3072 3584 1472 ) (3072 3584 3063.070068 ) 
4 12 15 (3371.389893 3072 1472 ) (3072 3072 1472 ) (3072 3584 1472 ) (4096 3584 1472 ) 
3 12 14 (4096 3072 1472 ) (3371.389893 3072 1472 ) (4096 3584 1472 ) 
4 12 13 (3072 3584 1472 ) (3072 4096 1472 ) (4096 4096 1472 ) (4096 3584 1472 ) 
4 13 17 (3072 4096 1472 ) (3072 4096 1024 ) (3072 3584 1024 ) (3072 3584 1472 ) 
4 13 16 (3072 3584 1024 ) (3072 4096 1024 ) (4096 4096 1024 ) (4096 3584 1024 ) 
4 13 15 (3072 3584 1024 ) (4096 3584 1024 ) (4096 3584 1472 ) (3072 3584 1472 ) 
4 14 23 (4096 3072 1024 ) (4096 3072 1472 ) (3371.389893 3072 1472 ) (3371.389893 3072 1024 ) 
3 14 16 (4096 3072 1024 ) (3371.389893 3072 1024 ) (4096 3584 1024 ) 
4 14 15 (4096 3584 1472 ) (4096 3584 1024 ) (3371.389893 3072 1024 ) (3371.386719 3072 1472 ) 
4 15 24 (3371.389893 3072 1472 ) (3072 3072 1472 ) (3072 3072 1024 ) (3371.389893 3072 1024 ) 
4 15 19 (3072 3584 1024 ) (3072 3072 1024 ) (3072 3072 1472 ) (3072 3584 1472 ) 
4 15 16 (3371.389893 3072 1024 ) (3072 3072 1024 ) (3072 3584 1024 ) (4096 3584 1024 ) 
4 16 25 (4096 3072 -2023.070068 ) (4096 3072 1024 ) (3072 3072 1024 ) (3072 3072 -2023.070068 ) 
4 16 21 (3072 4096 1024 ) (3072 4096 -2023.070068 ) (3072 3072 -2023.070068 ) (3072 3072 1024 ) 
4 17 64 (2048 4096 3063.070068 ) (2048 4096 1024 ) (2048 3584 1024 ) (2048 3584 3063.070068 ) 
4 17 21 (2048 4096 1024 ) (3072 4096 1024 ) (3072 3584 1024 ) (2048 3584 1024 ) 
4 17 19 (2048 3584 1024 ) (3072 3584 1024 ) (3072 3584 1472 ) (2048 3584 1472 ) 
4 17 18 (3072 3584 1472 ) (3072 3584 3063.070068 ) (2048 3584 3063.070068 ) (2048 3584 1472 ) 
4 18 65 (2048 3072 1472 ) (2048 3072 3063.070068 ) (2048 3584 3063.070068 ) (2048 3584 1472 ) 
4 18 27 (3072 3072 1472 ) (3072 3072 1488 ) (2048 3072 1488 ) (2048 3072 1472 ) 
4 18 26 (3072 3072 1488 ) (3072 3072 3063.070068 ) (2048 3072 3063.070068 ) (2048 3072 1488 ) 
3 18 20 (2052.338867 3072 1472 ) (2048 3072 1472 ) (2048 3076.302490 1472 ) 
5 18 19 (3072 3072 1472 ) (2052.338867 3072 1472 ) (2048 3076.302490 1472 ) (2048 3584 1472 ) (3072 3584 1472 ) 
4 19 66 (2048 3584 1024 ) (2048 3076.302490 1024 ) (2048 3076.302490 1472 ) (2048 3584 1472 ) 
4 19 40 (2488 3072 1472 ) (2052.338867 3072 1472 ) (2052.339111 3072 1024 ) (2488 3072 1024 ) 
4 19 37 (2760 3072 1472 ) (2488 3072 1472 ) (2488 3072 1024 ) (2760 3072 1024 ) 
4 19 35 (3072 3072 1024 ) (3072 3072 1472 ) (2760 3072 1472 ) (2760 3072 1024 ) 
5 19 21 (3072 3584 1024 ) (3072 3072 1024 ) (2052.338867 3072 1024 ) (2048 3076.302490 1024 ) (2048 3584 1024 ) 
4 19 20 (2052.334473 3072 1472 ) (2048 3076.298096 1472 ) (2048 3076.298584 1024 ) (2052.334961 3072 1024 ) 
4 20 67 (2048 3076.302490 1024 ) (2048 3072 1024 ) (2048 3072 1472 ) (2048 3076.302490 1472 ) 
4 20 41 (2052.338867 3072 1472 ) (2048 3072 1472 ) (2048 3072 1024 ) (2052.339111 3072 1024 ) 
3 20 21 (2052.338867 3072 1024 ) (2048 3072 1024 ) (2048 3076.302490 1024 ) 
4 21 69 (2048 4096 1024 ) (2048 4096 -2023.070068 ) (2048 3072 -2023.070068 ) (2048 3072 1024 ) 
4 21 43 (3072 3072 -2023.070068 ) (3072 3072 1024 ) (2048 3072 1024 ) (2048 3072 -2023.070068 ) 
4 22 44 (4096 2048 1472 ) (4096 2048 3063.070068 ) (3072 2048 3063.070068 ) (3072 2048 1472 ) 
4 22 31 (3072 2048 1472 ) (3072 2048 1488 ) (3072 2344 1488 ) (3072 2344 1472 ) 
4 22 28 (3072 2344 1488 ) (3072 2656 1488 ) (3072 2672 1472 ) (3072 2344 1472 ) 
4 22 27 (3072 2656 1488 ) (3072 3072 1488 ) (3072 3072 1472 ) (3072 2672 1472 ) 
4 22 26 (3072 2048 1488 ) (3072 2048 3063.070068 ) (3072 3072 3063.070068 ) (3072 3072 1488 ) 
3 22 24 (3072 2860.455078 1472 ) (3072 3072 1472 ) (3371.389893 3072 1472 ) 
5 22 23 (4096 2048 1472 ) (3072 2048 1472 ) (3072 2860.455078 1472 ) (3371.389893 3072 1472 ) (4096 3072 1472 ) 
4 23 45 (4096 2048 1024 ) (4096 2048 1472 ) (3072 2048 1472 ) (3072 2048 1024 ) 
4 23 34 (3072 2048 1024 ) (3072 2048 1472 ) (3072 2860.455078 1472 ) (3072 2860.455078 1024 ) 
5 23 25 (4096 2048 1024 ) (3072 2048 1024 ) (3072 2860.455078 1024 ) (3371.389893 3072 1024 ) (4096 3072 1024 ) 
4 23 24 (3371.393555 3072 1024 ) (3072 2860.453125 1024 ) (3072 2860.457031 1472 ) (3371.387207 3072 1472 ) 
4 24 35 (3072 2860.455078 1472 ) (3072 3072 1472 ) (3072 3072 1024 ) (3072 2860.455078 1024 ) 
3 24 25 (3072 2860.455078 1024 ) (3072 3072 1024 ) (3371.389893 3072 1024 ) 
4 25 47 (4096 2048 -2023.070068 ) (4096 2048 1024 ) (3072 2048 1024 ) (3072 2048 -2023.070068 ) 
4 25 43 (3072 2048 -2023.070068 ) (3072 2048 1024 ) (3072 3072 1024 ) (3072 3072 -2023.070068 ) 
4 26 71 (2048 2048 1488 ) (2048 2048 3063.070068 ) (2048 3072 3063.070068 ) (2048 3072 1488 ) 
4 26 60 (2048 2048 1536 ) (2048 2048 1488 ) (2304 2048 1488 ) (2304 2048 1536 ) 
4 26 59 (2048 2048 3063.070068 ) (2048 2048 1536 ) (2304 2048 1536 ) (2304 2048 3063.070068 ) 
4 26 49 (2863.500000 2048 1488 ) (2928.500000 2048 1488 ) (2928.500000 2048 3063.070068 ) (2863.500000 2048 3063.070068 ) 
4 26 48 (2928.500000 2048 1488 ) (3072 2048 1488 ) (3072 2048 3063.070068 ) (2928.500000 2048 3063.070068 ) 
4 26 56 (2304 2048 1488 ) (2863.500000 2048 1488 ) (2863.500000 2048 3063.070068 ) (2304 2048 3063.070068 ) 
4 26 33 (2048 2328 1488 ) (2048 2344 1488 ) (2472 2344 1488 ) (2472 2328 1488 ) 
4 26 32 (2776 2048 1488 ) (2048 2048 1488 ) (2048 2328 1488 ) (2776 2328 1488 ) 
4 26 31 (3072 2048 1488 ) (2776 2048 1488 ) (2776 2344 1488 ) (3072 2344 1488 ) 
4 26 30 (2048 2344 1488 ) (2048 2656 1488 ) (2472 2656 1488 ) (2472 2344 1488 ) 
6 26 29 (2760 2608 1488 ) (2760 2344 1488 ) (2488 2344 1488 ) (2488 2608 1488 ) (2520 2640 1488 ) (2728 2640 1488 ) 
4 26 28 (2776 2656 1488 ) (3072 2656 1488 ) (3072 2344 1488 ) (2776 2344 1488 ) 
4 26 27 (2048 2656 1488 ) (2048 3072 1488 ) (3072 3072 1488 ) (3072 2656 1488 ) 
4 27 71 (2048 2656 1488 ) (2048 3072 1488 ) (2048 3072 1472 ) (2048 2672 1472 ) 
4 27 41 (2048 3072 1472 ) (2052.339111 3072 1472 ) (2455.728760 2672 1472 ) (2048 2672 1472 ) 
4 27 40 (2052.339111 3072 1472 ) (2488 3072 1472 ) (2488 2672 1472 ) (2455.728760 2672 1472 ) 
4 27 37 (2488 3072 1472 ) (2760 3072 1472 ) (2760 2672 1472 ) (2488 2672 1472 ) 
5 27 35 (2760 3072 1472 ) (3072 3072 1472 ) (3072 2860.455078 1472 ) (2805.288086 2672 1472 ) (2760 2672 1472 ) 
3 27 34 (3072 2860.455078 1472 ) (3072 2672 1472 ) (2805.288086 2672 1472 ) 
4 27 30 (2048 2672 1472 ) (2456 2672 1472 ) (2472 2656 1488 ) (2048 2656 1488 ) 
4 27 28 (2792 2672 1472 ) (3072 2672 1472 ) (3072 2656 1488 ) (2776 2656 1488 ) 
3 28 35 (2792 2662.610840 1472 ) (2792 2672 1472 ) (2805.288330 2672 1472 ) 
5 28 34 (3072 2672 1472 ) (3072 2344 1472 ) (2792 2344 1472 ) (2792 2662.610840 1472 ) (2805.288330 2672 1472 ) 
4 28 31 (2792 2344 1472 ) (3072 2344 1472 ) (3072 2344 1488 ) (2776 2344 1488 ) 
6 29 38 (2760 2344 1472 ) (2488 2344 1472 ) (2488 2608 1472 ) (2520 2640 1472 ) (2728 2640 1472 ) (2760 2608 1472 ) 
4 30 71 (2048 2344 1488 ) (2048 2656 1488 ) (2048 2672 1472 ) (2048 2344 1472 ) 
5 30 41 (2456 2344 1472 ) (2048 2344 1472 ) (2048 2672 1472 ) (2455.728760 2672 1472 ) (2456 2671.731201 1472 ) 
3 30 40 (2455.728760 2672 1472 ) (2456 2672 1472 ) (2456 2671.731201 1472 ) 
4 30 33 (2048 2344 1472 ) (2456 2344 1472 ) (2472 2344 1488 ) (2048 2344 1488 ) 
4 31 49 (2863.500000 2048 1472 ) (2928.500000 2048 1472 ) (2928.500000 2048 1488 ) (2863.500000 2048 1488 ) 
4 31 48 (2928.500000 2048 1472 ) (3072 2048 1472 ) (3072 2048 1488 ) (2928.500000 2048 1488 ) 
4 31 56 (2792 2048 1472 ) (2863.500000 2048 1472 ) (2863.500000 2048 1488 ) (2776 2048 1488 ) 
5 31 34 (3072 2344 1472 ) (3072 2048 1472 ) (3059.587891 2048 1472 ) (2792 2312.383301 1472 ) (2792 2344 1472 ) 
3 31 36 (3059.587891 2048 1472 ) (2792 2048 1472 ) (2792 2312.383301 1472 ) 
4 31 32 (2792 2312 1472 ) (2792 2048 1472 ) (2776 2048 1488 ) (2776 2328 1488 ) 
4 32 71 (2048 2048 1472 ) (2048 2048 1488 ) (2048 2328 1488 ) (2048 2312 1472 ) 
4 32 60 (2048 2048 1488 ) (2048 2048 1472 ) (2304 2048 1472 ) (2304 2048 1488 ) 
4 32 56 (2304 2048 1472 ) (2792 2048 1472 ) (2776 2048 1488 ) (2304 2048 1488 ) 
4 32 42 (2488 2048 1472 ) (2274.521240 2048 1472 ) (2464.921387 2312 1472 ) (2488 2312 1472 ) 
4 32 41 (2274.521240 2048 1472 ) (2048 2048 1472 ) (2048 2312 1472 ) (2464.921387 2312 1472 ) 
4 32 39 (2760 2048 1472 ) (2488 2048 1472 ) (2488 2312 1472 ) (2760 2312 1472 ) 
4 32 36 (2792 2048 1472 ) (2760 2048 1472 ) (2760 2312 1472 ) (2792 2312 1472 ) 
4 32 33 (2456 2312 1472 ) (2048 2312 1472 ) (2048 2328 1488 ) (2472 2328 1488 ) 
4 33 71 (2048 2328 1488 ) (2048 2344 1488 ) (2048 2344 1472 ) (2048 2312 1472 ) 
4 33 41 (2048 2312 1472 ) (2048 2344 1472 ) (2456 2344 1472 ) (2456 2312 1472 ) 
4 34 57 (3059.587891 2048 1024 ) (3072 2048 1024 ) (3072 2048 1472 ) (3059.587891 2048 1472 ) 
5 34 43 (3072 2048 1024 ) (3059.587891 2048 1024 ) (2760 2344 1024 ) (2760 2640 1024 ) (3072 2860.455078 1024 ) 
4 34 38 (2760 2640 1024 ) (2760 2344 1024 ) (2760 2344 1472 ) (2760 2640 1472 ) 
4 34 36 (2760 2344 1472 ) (2760 2344 1024 ) (3059.587891 2048 1024 ) (3059.585693 2048 1472 ) 
4 34 35 (3072 2860.454590 1024 ) (2760 2640 1024 ) (2760 2640 1472 ) (3072 2860.454590 1472 ) 
4 35 43 (2760 2640 1024 ) (2760 3072 1024 ) (3072 3072 1024 ) (3072 2860.455078 1024 ) 
4 35 37 (2760 3072 1024 ) (2760 2640 1024 ) (2760 2640 1472 ) (2760 3072 1472 ) 
4 36 58 (2760 2048 1024 ) (3059.587891 2048 1024 ) (3059.587891 2048 1472 ) (2760 2048 1472 ) 
3 36 43 (3059.587891 2048 1024 ) (2760 2048 1024 ) (2760 2344 1024 ) 
4 36 39 (2760 2344 1024 ) (2760 2048 1024 ) (2760 2048 1472 ) (2760 2344 1472 ) 
4 37 43 (2488 2640 1024 ) (2488 3072 1024 ) (2760 3072 1024 ) (2760 2640 1024 ) 
4 37 40 (2488 3072 1024 ) (2488 2640 1024 ) (2488 2640 1472 ) (2488 3072 1472 ) 
4 37 38 (2488 2640 1472 ) (2488 2640 1024 ) (2760 2640 1024 ) (2760 2640 1472 ) 
4 38 43 (2488 2344 1024 ) (2488 2640 1024 ) (2760 2640 1024 ) (2760 2344 1024 ) 
4 38 41 (2488 2640 1024 ) (2488 2344 1024 ) (2488 2344 1472 ) (2488 2640 1472 ) 
4 38 39 (2488 2344 1472 ) (2488 2344 1024 ) (2760 2344 1024 ) (2760 2344 1472 ) 
4 39 58 (2488 2048 1024 ) (2760 2048 1024 ) (2760 2048 1472 ) (2488 2048 1472 ) 
4 39 43 (2760 2048 1024 ) (2488 2048 1024 ) (2488 2344 1024 ) (2760 2344 1024 ) 
4 39 42 (2488 2344 1024 ) (2488 2048 1024 ) (2488 2048 1472 ) (2488 2344 1472 ) 
3 40 43 (2052.339111 3072 1024 ) (2488 3072 1024 ) (2488 2640 1024 ) 
4 40 41 (2052.341064 3072 1024 ) (2488 2639.998047 1024 ) (2488 2639.998047 1472 ) (2052.336914 3072 1472 ) 
4 41 72 (2048 2048 1024 ) (2048 2048 1472 ) (2048 3072 1472 ) (2048 3072 1024 ) 
4 41 61 (2048 2048 1472 ) (2048 2048 1024 ) (2274.521240 2048 1024 ) (2274.521240 2048 1472 ) 
6 41 43 (2274.521240 2048 1024 ) (2048 2048 1024 ) (2048 3072 1024 ) (2052.339111 3072 1024 ) (2488 2640 1024 ) (2488 2344 1024 ) 
4 41 42 (2274.519531 2048 1024 ) (2488 2344 1024 ) (2488 2344 1472 ) (2274.520752 2048 1472 ) 
4 42 62 (2274.521240 2048 1024 ) (2304 2048 1024 ) (2304 2048 1472 ) (2274.521240 2048 1472 ) 
4 42 58 (2304 2048 1024 ) (2488 2048 1024 ) (2488 2048 1472 ) (2304 2048 1472 ) 
3 42 43 (2488 2048 1024 ) (2274.521240 2048 1024 ) (2488 2344 1024 ) 
4 43 74 (2048 2048 -2023.070068 ) (2048 2048 1024 ) (2048 3072 1024 ) (2048 3072 -2023.070068 ) 
4 43 63 (2048 2048 1024 ) (2048 2048 -2023.070068 ) (3072 2048 -2023.070068 ) (3072 2048 1024 ) 
4 44 97 (4096 1024 1472 ) (4096 1024 3063.070068 ) (3072 1024 3063.070068 ) (3072 1024 1472 ) 
4 44 48 (3072 2048 3063.070068 ) (3072 2048 1472 ) (3072 1024 1472 ) (3072 1024 3063.070068 ) 
3 44 46 (4096 1024 1472 ) (3072 1024 1472 ) (3072 2035.736572 1472 ) 
4 44 45 (4096 1024 1472 ) (3072 2035.736572 1472 ) (3072 2048 1472 ) (4096 2048 1472 ) 
4 45 57 (3072 2048 1472 ) (3072 2048 1024 ) (3072 2035.736572 1024 ) (3072 2035.736572 1472 ) 
4 45 47 (4096 1024 1024 ) (3072 2035.736572 1024 ) (3072 2048 1024 ) (4096 2048 1024 ) 
4 45 46 (3072 2035.738281 1024 ) (4096 1024.001709 1024 ) (4096 1024.003906 1472 ) (3072 2035.738281 1472 ) 
4 46 97 (4096 1024 1024 ) (4096 1024 1472 ) (3072 1024 1472 ) (3072 1024 1024 ) 
4 46 58 (3072 2035.736572 1024 ) (3072 1024 1024 ) (3072 1024 1472 ) (3072 2035.736572 1472 ) 
3 46 47 (4096 1024 1024 ) (3072 1024 1024 ) (3072 2035.736572 1024 ) 
4 47 97 (4096 1024 -2023.070068 ) (4096 1024 1024 ) (3072 1024 1024 ) (3072 1024 -2023.070068 ) 
4 47 63 (3072 2048 1024 ) (3072 2048 -2023.070068 ) (3072 1024 -2023.070068 ) (3072 1024 1024 ) 
4 48 101 (3072 1024 1472 ) (3072 1024 1536 ) (2928.500000 1024 1536 ) (2928.500000 1024 1472 ) 
4 48 99 (3072 1024 1536 ) (3072 1024 1664 ) (2928.500000 1024 1664 ) (2928.500000 1024 1536 ) 
4 48 98 (3072 1024 1664 ) (3072 1024 3063.070068 ) (2928.500000 1024 3063.070068 ) (2928.500000 1024 1664 ) 
5 48 58 (3072 1024 1472 ) (2928.500000 1024 1472 ) (2928.500000 2048 1472 ) (3059.587891 2048 1472 ) (3072 2035.736572 1472 ) 
3 48 57 (3059.587891 2048 1472 ) (3072 2048 1472 ) (3072 2035.736572 1472 ) 
4 48 54 (2928.500000 1588 1472 ) (2928.500000 1531 1472 ) (2928.500000 1531 1524.118652 ) (2928.500000 1588 1499 ) 
3 48 53 (2928.500000 1620.744751 1472 ) (2928.500000 1588 1472 ) (2928.500000 1588 1499 ) 
3 48 52 (2928.500000 1531 1524.118652 ) (2928.500000 1531 1546 ) (2928.500000 1588 1499 ) 
4 48 51 (2928.500000 1647 1472 ) (2928.500000 1620.744751 1472 ) (2928.500000 1588 1499 ) (2928.500000 1647 1473 ) 
5 48 50 (2928.500000 1588 1499 ) (2928.500000 1531 1546 ) (2928.500000 1531 3063.070068 ) (2928.500000 1647 3063.070068 ) (2928.500000 1647 1473 ) 
4 48 49 (2928.500000 2048 1472 ) (2928.500000 1647 1472 ) (2928.500000 1647 3063.070068 ) (2928.500000 2048 3063.070068 ) 
4 48 55 (2928.500000 1531 1472 ) (2928.500000 1024 1472 ) (2928.500000 1024 3063.070068 ) (2928.500000 1531 3063.070068 ) 
4 49 58 (2863.500000 1647 1472 ) (2863.500000 2048 1472 ) (2928.500000 2048 1472 ) (2928.500000 1647 1472 ) 
4 49 51 (2863.500000 1647 1473 ) (2863.500000 1647 1472 ) (2928.500000 1647 1472 ) (2928.500000 1647 1473 ) 
4 49 50 (2863.500000 1647 3063.070068 ) (2863.500000 1647 1473 ) (2928.500000 1647 1473 ) (2928.500000 1647 3063.070068 ) 
4 49 56 (2863.500000 2048 1472 ) (2863.500000 1647 1472 ) (2863.500000 1647 3063.070068 ) (2863.500000 2048 3063.070068 ) 
4 50 52 (2928.500000 1531 1545.996460 ) (2863.500000 1531 1545.996460 ) (2863.500000 1587.991455 1499.003662 ) (2928.500000 1587.991455 1499.003662 ) 
4 50 55 (2863.500000 1531 3063.070068 ) (2863.500000 1531 1546 ) (2928.500000 1531 1546 ) (2928.500000 1531 3063.070068 ) 
5 50 56 (2863.500000 1588 1499 ) (2863.500000 1531 1546 ) (2863.500000 1531 3063.070068 ) (2863.500000 1647 3063.070068 ) (2863.500000 1647 1473 ) 
4 50 51 (2928.500000 1588.002075 1499 ) (2863.500000 1588.002075 1499 ) (2863.500000 1647 1473 ) (2928.500000 1647 1473 ) 
4 51 58 (2863.500000 1620.744751 1472 ) (2863.500000 1647 1472 ) (2928.500000 1647 1472 ) (2928.500000 1620.744751 1472 ) 
4 51 53 (2863.500000 1587.991455 1499.003662 ) (2863.500000 1620.740723 1472 ) (2928.500000 1620.740723 1472 ) (2928.500000 1587.991455 1499.003662 ) 
4 51 56 (2863.500000 1647 1472 ) (2863.500000 1620.744751 1472 ) (2863.500000 1588 1499 ) (2863.500000 1647 1473 ) 
4 52 54 (2928.500000 1531 1524.118774 ) (2863.500000 1531 1524.118774 ) (2863.500000 1588.002075 1499 ) (2928.500000 1588.002075 1499 ) 
4 52 55 (2863.500000 1531 1546 ) (2863.500000 1531 1524.118652 ) (2928.500000 1531 1524.118652 ) (2928.500000 1531 1546 ) 
3 52 56 (2863.500000 1531 1524.118652 ) (2863.500000 1531 1546 ) (2863.500000 1588 1499 ) 
4 53 58 (2863.500000 1588 1472 ) (2863.500000 1620.744751 1472 ) (2928.500000 1620.744751 1472 ) (2928.500000 1588 1472 ) 
3 53 56 (2863.500000 1620.744751 1472 ) (2863.500000 1588 1472 ) (2863.500000 1588 1499 ) 
4 53 54 (2928.500000 1588 1472 ) (2928.500000 1588 1498.997925 ) (2863.500000 1588 1498.997925 ) (2863.500000 1588 1472 ) 
4 54 58 (2863.500000 1531 1472 ) (2863.500000 1588 1472 ) (2928.500000 1588 1472 ) (2928.500000 1531 1472 ) 
4 54 56 (2863.500000 1588 1472 ) (2863.500000 1531 1472 ) (2863.500000 1531 1524.118652 ) (2863.500000 1588 1499 ) 
4 54 55 (2863.500000 1531 1524.118652 ) (2863.500000 1531 1472 ) (2928.500000 1531 1472 ) (2928.500000 1531 1524.118652 ) 
4 55 101 (2863.500000 1024 1536 ) (2863.500000 1024 1472 ) (2928.500000 1024 1472 ) (2928.500000 1024 1536 ) 
4 55 99 (2863.500000 1024 1664 ) (2863.500000 1024 1536 ) (2928.500000 1024 1536 ) (2928.500000 1024 1664 ) 
4 55 98 (2928.500000 1024 3063.070068 ) (2863.500000 1024 3063.070068 ) (2863.500000 1024 1664 ) (2928.500000 1024 1664 ) 
4 55 58 (2928.500000 1024 1472 ) (2863.500000 1024 1472 ) (2863.500000 1531 1472 ) (2928.500000 1531 1472 ) 
4 55 56 (2863.500000 1531 1472 ) (2863.500000 1024 1472 ) (2863.500000 1024 3063.070068 ) (2863.500000 1531 3063.070068 ) 
4 56 101 (2304 1024 1536 ) (2304 1024 1472 ) (2863.500000 1024 1472 ) (2863.500000 1024 1536 ) 
4 56 99 (2304 1024 1664 ) (2304 1024 1536 ) (2863.500000 1024 1536 ) (2863.500000 1024 1664 ) 
4 56 98 (2863.500000 1024 3063.070068 ) (2304 1024 3063.070068 ) (2304 1024 1664 ) (2863.500000 1024 1664 ) 
4 56 60 (2304 1024 1472 ) (2304 1024 1536 ) (2304 2048 1536 ) (2304 2048 1472 ) 
4 56 59 (2304 1024 1536 ) (2304 1024 3063.070068 ) (2304 2048 3063.070068 ) (2304 2048 1536 ) 
4 56 58 (2863.500000 1024 1472 ) (2304 1024 1472 ) (2304 2048 1472 ) (2863.500000 2048 1472 ) 
3 57 63 (3059.587891 2048 1024 ) (3072 2048 1024 ) (3072 2035.736572 1024 ) 
4 57 58 (3072 2035.738281 1472 ) (3059.589600 2048 1472 ) (3059.587891 2048 1024 ) (3072 2035.736572 1024 ) 
4 58 101 (3072 1024 1024 ) (3072 1024 1472 ) (2304 1024 1472 ) (2304 1024 1024 ) 
5 58 63 (2304 2048 1024 ) (3059.587891 2048 1024 ) (3072 2035.736572 1024 ) (3072 1024 1024 ) (2304 1024 1024 ) 
4 58 62 (2304 2048 1024 ) (2304 1024 1024 ) (2304 1024 1472 ) (2304 2048 1472 ) 
4 59 77 (2048 1024 1536 ) (2048 1024 1664 ) (2048 2048 1664 ) (2048 2048 1536 ) 
4 59 76 (2048 1024 1664 ) (2048 1024 3063.070068 ) (2048 2048 3063.070068 ) (2048 2048 1664 ) 
4 59 60 (2048 2048 1536 ) (2304 2048 1536 ) (2304 1024 1536 ) (2048 1024 1536 ) 
4 60 101 (2048 1024 1536 ) (2048 1024 1472 ) (2304 1024 1472 ) (2304 1024 1536 ) 
4 60 78 (2048 1024 1472 ) (2048 1024 1536 ) (2048 2048 1536 ) (2048 2048 1472 ) 
5 60 62 (2048 1024 1472 ) (2048 1733.915894 1472 ) (2274.521240 2048 1472 ) (2304 2048 1472 ) (2304 1024 1472 ) 
3 60 61 (2048 1733.915894 1472 ) (2048 2048 1472 ) (2274.521240 2048 1472 ) 
4 61 79 (2048 1733.915894 1472 ) (2048 2048 1472 ) (2048 2048 1024 ) (2048 1733.915894 1024 ) 
3 61 63 (2048 1733.915894 1024 ) (2048 2048 1024 ) (2274.521240 2048 1024 ) 
4 61 62 (2048 1733.917603 1024 ) (2274.519531 2048 1024 ) (2274.520508 2048 1472 ) (2048 1733.916992 1472 ) 
4 62 101 (2048 1024 1472 ) (2048 1024 1024 ) (2304 1024 1024 ) (2304 1024 1472 ) 
4 62 80 (2048 1024 1024 ) (2048 1024 1472 ) (2048 1733.915894 1472 ) (2048 1733.915894 1024 ) 
5 62 63 (2048 1024 1024 ) (2048 1733.915894 1024 ) (2274.521240 2048 1024 ) (2304 2048 1024 ) (2304 1024 1024 ) 
4 63 101 (3072 1024 -2023.070068 ) (3072 1024 1024 ) (2048 1024 1024 ) (2048 1024 -2023.070068 ) 
4 63 82 (2048 1024 -2023.070068 ) (2048 1024 1024 ) (2048 2048 1024 ) (2048 2048 -2023.070068 ) 
4 64 69 (1536 3584 1024 ) (1536 4096 1024 ) (2048 4096 1024 ) (2048 3584 1024 ) 
4 64 66 (1536 3584 1472 ) (1536 3584 1024 ) (2048 3584 1024 ) (2048 3584 1472 ) 
4 64 65 (1536 3584 3063.070068 ) (1536 3584 1472 ) (2048 3584 1472 ) (2048 3584 3063.070068 ) 
4 64 68 (1536 4096 1024 ) (1536 3584 1024 ) (1536 3584 3063.070068 ) (1536 4096 3063.070068 ) 
4 65 71 (2048 3072 1472 ) (2048 3072 3063.070068 ) (1536 3072 3063.070068 ) (1536 3072 1472 ) 
4 65 67 (2048 3072 1472 ) (1536 3072 1472 ) (1536 3584 1472 ) (2048 3076.302490 1472 ) 
3 65 66 (1536 3584 1472 ) (2048 3584 1472 ) (2048 3076.302490 1472 ) 
4 65 68 (1536 3072 1472 ) (1536 3072 3063.070068 ) (1536 3584 3063.070068 ) (1536 3584 1472 ) 
3 66 69 (1536 3584 1024 ) (2048 3584 1024 ) (2048 3076.302490 1024 ) 
4 66 67 (2048 3076.300781 1472 ) (1536 3583.996094 1472 ) (1536 3583.996094 1024 ) (2048 3076.298584 1024 ) 
4 67 72 (2048 3072 1024 ) (2048 3072 1472 ) (1536 3072 1472 ) (1536 3072 1024 ) 
4 67 69 (2048 3072 1024 ) (1536 3072 1024 ) (1536 3584 1024 ) (2048 3076.302490 1024 ) 
4 67 68 (1536 3584 1024 ) (1536 3072 1024 ) (1536 3072 1472 ) (1536 3584 1472 ) 
4 68 73 (1536 3072 3063.070068 ) (1024 3072 3063.070068 ) (1024 3072 1024 ) (1536 3072 1024 ) 
4 68 70 (1024 4096 3063.070068 ) (1024 4096 1024 ) (1024 3072 1024 ) (1024 3072 3063.070068 ) 
4 68 69 (1536 3072 1024 ) (1024 3072 1024 ) (1024 4096 1024 ) (1536 4096 1024 ) 
4 69 74 (2048 3072 -2023.070068 ) (2048 3072 1024 ) (1024 3072 1024 ) (1024 3072 -2023.070068 ) 
4 69 70 (1024 4096 1024 ) (1024 4096 -2023.070068 ) (1024 3072 -2023.070068 ) (1024 3072 1024 ) 
4 70 151 (0 3072 -2023.070068 ) (0 3072 3063.070068 ) (0 4096 3063.070068 ) (0 4096 -2023.070068 ) 
4 70 75 (1024 3072 -2023.070068 ) (1024 3072 3063.070068 ) (0 3072 3063.070068 ) (0 3072 -2023.070068 ) 
4 71 78 (2048 2048 1472 ) (2048 2048 1536 ) (1536 2048 1536 ) (1536 2048 1472 ) 
4 71 77 (2048 2048 1536 ) (2048 2048 1664 ) (1536 2048 1664 ) (1536 2048 1536 ) 
4 71 76 (2048 2048 1664 ) (2048 2048 3063.070068 ) (1536 2048 3063.070068 ) (1536 2048 1664 ) 
4 71 73 (1536 2048 1472 ) (1536 2048 3063.070068 ) (1536 3072 3063.070068 ) (1536 3072 1472 ) 
4 71 72 (1536 2048 1472 ) (1536 3072 1472 ) (2048 3072 1472 ) (2048 2048 1472 ) 
4 72 79 (2048 2048 1024 ) (2048 2048 1472 ) (1536 2048 1472 ) (1536 2048 1024 ) 
4 72 74 (1536 3072 1024 ) (2048 3072 1024 ) (2048 2048 1024 ) (1536 2048 1024 ) 
4 72 73 (1536 3072 1024 ) (1536 2048 1024 ) (1536 2048 1472 ) (1536 3072 1472 ) 
4 73 81 (1024 2048 1536 ) (1024 2048 1024 ) (1536 2048 1024 ) (1536 2048 1536 ) 
4 73 77 (1024 2048 1664 ) (1024 2048 1536 ) (1536 2048 1536 ) (1536 2048 1664 ) 
4 73 76 (1536 2048 3063.070068 ) (1024 2048 3063.070068 ) (1024 2048 1664 ) (1536 2048 1664 ) 
4 73 75 (1024 2048 1024 ) (1024 2048 3063.070068 ) (1024 3072 3063.070068 ) (1024 3072 1024 ) 
4 73 74 (1024 2048 1024 ) (1024 3072 1024 ) (1536 3072 1024 ) (1536 2048 1024 ) 
4 74 82 (2048 2048 -2023.070068 ) (2048 2048 1024 ) (1024 2048 1024 ) (1024 2048 -2023.070068 ) 
4 74 75 (1024 2048 -2023.070068 ) (1024 2048 1024 ) (1024 3072 1024 ) (1024 3072 -2023.070068 ) 
4 75 153 (0 2048 -2023.070068 ) (0 2048 3063.070068 ) (0 3072 3063.070068 ) (0 3072 -2023.070068 ) 
4 75 86 (0 2048 1536 ) (0 2048 -2023.070068 ) (1024 2048 -2023.070068 ) (1024 2048 1536 ) 
4 75 85 (0 2048 1664 ) (0 2048 1536 ) (1024 2048 1536 ) (1024 2048 1664 ) 
4 75 84 (0 2048 1792 ) (0 2048 1664 ) (1024 2048 1664 ) (1024 2048 1792 ) 
4 75 83 (0 2048 3063.070068 ) (0 2048 1792 ) (1024 2048 1792 ) (1024 2048 3063.070068 ) 
4 76 107 (2048 1024 1664 ) (2048 1024 1792 ) (1024 1024 1792 ) (1024 1024 1664 ) 
4 76 106 (2048 1024 1792 ) (2048 1024 3063.070068 ) (1024 1024 3063.070068 ) (1024 1024 1792 ) 
4 76 84 (1024 2048 1792 ) (1024 2048 1664 ) (1024 1024 1664 ) (1024 1024 1792 ) 
4 76 83 (1024 2048 3063.070068 ) (1024 2048 1792 ) (1024 1024 1792 ) (1024 1024 3063.070068 ) 
4 76 77 (1024 1024 1664 ) (1024 2048 1664 ) (2048 2048 1664 ) (2048 1024 1664 ) 
4 77 85 (1024 2048 1664 ) (1024 2048 1536 ) (1024 1024 1536 ) (1024 1024 1664 ) 
4 77 78 (2048 1024 1536 ) (1536 1024 1536 ) (1536 2048 1536 ) (2048 2048 1536 ) 
4 77 81 (1536 1024 1536 ) (1024 1024 1536 ) (1024 2048 1536 ) (1536 2048 1536 ) 
4 78 116 (2048 1024 1472 ) (2048 1024 1536 ) (1536 1024 1536 ) (1536 1024 1472 ) 
3 78 80 (1536 1024 1472 ) (2048 1733.915894 1472 ) (2048 1024 1472 ) 
4 78 79 (1536 1024 1472 ) (1536 2048 1472 ) (2048 2048 1472 ) (2048 1733.915894 1472 ) 
4 78 81 (1536 1024 1472 ) (1536 1024 1536 ) (1536 2048 1536 ) (1536 2048 1472 ) 
4 79 82 (1536 2048 1024 ) (2048 2048 1024 ) (2048 1733.915894 1024 ) (1536 1024 1024 ) 
4 79 81 (1536 2048 1024 ) (1536 1024 1024 ) (1536 1024 1472 ) (1536 2048 1472 ) 
4 79 80 (2048 1733.921875 1472 ) (1536 1024.003906 1472 ) (1536 1024.003906 1024 ) (2048 1733.919922 1024 ) 
4 80 120 (2048 1024 1024 ) (2048 1024 1472 ) (1536 1024 1472 ) (1536 1024 1024 ) 
3 80 82 (2048 1733.915894 1024 ) (2048 1024 1024 ) (1536 1024 1024 ) 
4 81 120 (1024 1024 1472 ) (1024 1024 1024 ) (1536 1024 1024 ) (1536 1024 1472 ) 
4 81 117 (1344 1024 1536 ) (1216 1024 1536 ) (1216 1024 1472 ) (1344 1024 1472 ) 
4 81 119 (1216 1024 1536 ) (1024 1024 1536 ) (1024 1024 1472 ) (1216 1024 1472 ) 
4 81 116 (1536 1024 1536 ) (1344 1024 1536 ) (1344 1024 1472 ) (1536 1024 1472 ) 
4 81 86 (1024 2048 1536 ) (1024 2048 1024 ) (1024 1024 1024 ) (1024 1024 1536 ) 
4 81 82 (1024 1024 1024 ) (1024 2048 1024 ) (1536 2048 1024 ) (1536 1024 1024 ) 
4 82 120 (2048 1024 -2023.070068 ) (2048 1024 1024 ) (1024 1024 1024 ) (1024 1024 -2023.070068 ) 
4 82 86 (1024 2048 1024 ) (1024 2048 -2023.070068 ) (1024 1024 -2023.070068 ) (1024 1024 1024 ) 
4 83 155 (0 1024 1792 ) (0 1024 3063.070068 ) (0 2048 3063.070068 ) (0 2048 1792 ) 
4 83 121 (1024 1024 1792 ) (1024 1024 3063.070068 ) (0 1024 3063.070068 ) (0 1024 1792 ) 
4 83 84 (1024 1024 1792 ) (0 1024 1792 ) (0 2048 1792 ) (1024 2048 1792 ) 
4 84 155 (0 1024 1664 ) (0 1024 1792 ) (0 2048 1792 ) (0 2048 1664 ) 
4 84 85 (0 1024 1664 ) (0 2048 1664 ) (1024 2048 1664 ) (1024 1024 1664 ) 
4 85 155 (0 1024 1536 ) (0 1024 1664 ) (0 2048 1664 ) (0 2048 1536 ) 
4 85 86 (1024 1024 1536 ) (0 1024 1536 ) (0 2048 1536 ) (1024 2048 1536 ) 
4 86 157 (0 1024 -2023.070068 ) (0 1024 1536 ) (0 2048 1536 ) (0 2048 -2023.070068 ) 
4 86 134 (1024 1024 -2023.070068 ) (1024 1024 1472 ) (0 1024 1472 ) (0 1024 -2023.070068 ) 
4 86 131 (192 1024 1536 ) (64 1024 1536 ) (64 1024 1472 ) (192 1024 1472 ) 
4 86 130 (1024 1024 1472 ) (1024 1024 1536 ) (192 1024 1536 ) (192 1024 1472 ) 
4 86 133 (64 1024 1536 ) (0 1024 1536 ) (0 1024 1472 ) (64 1024 1472 ) 
4 87 89 (6083.049805 0 3063.070068 ) (5120 0 3063.070068 ) (5120 0 -2023.070068 ) (6083.049805 0 -2023.070068 ) 
4 87 88 (5120 1024 3063.070068 ) (5120 1024 -2023.070068 ) (5120 0 -2023.070068 ) (5120 0 3063.070068 ) 
4 88 97 (4096 1024 3063.070068 ) (4096 1024 -2023.070068 ) (4096 0 -2023.070068 ) (4096 0 3063.070068 ) 
4 88 90 (5120 0 -2023.070068 ) (5120 0 3063.070068 ) (4096 0 3063.070068 ) (4096 0 -2023.070068 ) 
4 89 91 (6083.049805 -1024 3063.070068 ) (5120 -1024 3063.070068 ) (5120 -1024 -2023.070068 ) (6083.049805 -1024 -2023.070068 ) 
4 89 90 (5120 -1024 -2023.070068 ) (5120 -1024 3063.070068 ) (5120 0 3063.070068 ) (5120 0 -2023.070068 ) 
4 90 102 (4096 -1024 -2023.070068 ) (4096 -1024 3063.070068 ) (4096 0 3063.070068 ) (4096 0 -2023.070068 ) 
4 90 92 (4096 -1024 3063.070068 ) (4096 -1024 -2023.070068 ) (5120 -1024 -2023.070068 ) (5120 -1024 3063.070068 ) 
4 91 93 (6083.049805 -2048 3063.070068 ) (5120 -2048 3063.070068 ) (5120 -2048 -2023.070068 ) (6083.049805 -2048 -2023.070068 ) 
4 91 92 (5120 -1024 3063.070068 ) (5120 -1024 -2023.070068 ) (5120 -2048 -2023.070068 ) (5120 -2048 3063.070068 ) 
4 92 104 (4096 -2048 -2023.070068 ) (4096 -2048 3063.070068 ) (4096 -1024 3063.070068 ) (4096 -1024 -2023.070068 ) 
4 92 94 (5120 -2048 -2023.070068 ) (5120 -2048 3063.070068 ) (4096 -2048 3063.070068 ) (4096 -2048 -2023.070068 ) 
4 93 95 (6083.049805 -3072 3063.070068 ) (5120 -3072 3063.070068 ) (5120 -3072 -2023.070068 ) (6083.049805 -3072 -2023.070068 ) 
4 93 94 (5120 -2048 3063.070068 ) (5120 -2048 -2023.070068 ) (5120 -3072 -2023.070068 ) (5120 -3072 3063.070068 ) 
4 94 139 (4096 -3072 -2023.070068 ) (4096 -3072 3063.070068 ) (4096 -2048 3063.070068 ) (4096 -2048 -2023.070068 ) 
4 94 96 (5120 -3072 -2023.070068 ) (5120 -3072 3063.070068 ) (4096 -3072 3063.070068 ) (4096 -3072 -2023.070068 ) 
4 95 96 (5120 -3840 3063.070068 ) (5120 -3072 3063.070068 ) (5120 -3072 -2023.070068 ) (5120 -3840 -2023.070068 ) 
4 96 141 (4096 -3840 3063.070068 ) (4096 -3072 3063.070068 ) (4096 -3072 -2023.070068 ) (4096 -3840 -2023.070068 ) 
4 97 102 (4096 0 -2023.070068 ) (4096 0 3063.070068 ) (3072 0 3063.070068 ) (3072 0 -2023.070068 ) 
4 97 101 (3072 1024 1536 ) (3072 1024 -2023.070068 ) (3072 0 -2023.070068 ) (3072 0 1536 ) 
4 97 99 (3072 1024 1664 ) (3072 1024 1536 ) (3072 0 1536 ) (3072 0 1664 ) 
4 97 98 (3072 1024 3063.070068 ) (3072 1024 1664 ) (3072 0 1664 ) (3072 0 3063.070068 ) 
4 98 108 (2048 1024 1792 ) (2048 1024 1664 ) (2048 767.875000 1664 ) (2048 767.875000 1792 ) 
4 98 111 (2048 767.875000 1664 ) (2048 0 1664 ) (2048 0 1792 ) (2048 767.875000 1792 ) 
4 98 106 (2048 1024 3063.070068 ) (2048 1024 1792 ) (2048 0 1792 ) (2048 0 3063.070068 ) 
4 98 103 (3072 0 1664 ) (3072 0 3063.070068 ) (2048 0 3063.070068 ) (2048 0 1664 ) 
4 98 100 (2304 0 1664 ) (2048 0 1664 ) (2048 512.125000 1664 ) (2304 512.125000 1664 ) 
4 98 99 (3072 0 1664 ) (2304 0 1664 ) (2304 1024 1664 ) (3072 1024 1664 ) 
4 99 103 (3072 0 1536 ) (3072 0 1664 ) (2304 0 1664 ) (2304 0 1536 ) 
4 99 101 (2304 1024 1536 ) (3072 1024 1536 ) (3072 0 1536 ) (2304 0 1536 ) 
4 99 100 (2304 512.125000 1536 ) (2304 0 1536 ) (2304 0 1664 ) (2304 512.125000 1664 ) 
4 100 112 (2048 512.125000 1536 ) (2048 0 1536 ) (2048 0 1664 ) (2048 512.125000 1664 ) 
4 100 103 (2304 0 1664 ) (2048 0 1664 ) (2048 0 1536 ) (2304 0 1536 ) 
4 100 101 (2304 512.125000 1536 ) (2304 0 1536 ) (2048 0 1536 ) (2048 512.125000 1536 ) 
4 101 120 (2048 1024 1472 ) (2048 1024 -2023.070068 ) (2048 0 -2023.070068 ) (2048 0 1472 ) 
4 101 116 (2048 1024 1536 ) (2048 1024 1472 ) (2048 0 1472 ) (2048 0 1536 ) 
4 101 103 (3072 0 -2023.070068 ) (3072 0 1536 ) (2048 0 1536 ) (2048 0 -2023.070068 ) 
4 102 104 (4096 -1024 -2023.070068 ) (4096 -1024 3063.070068 ) (3072 -1024 3063.070068 ) (3072 -1024 -2023.070068 ) 
4 102 103 (3072 -1024 -2023.070068 ) (3072 -1024 3063.070068 ) (3072 0 3063.070068 ) (3072 0 -2023.070068 ) 
4 103 135 (2048 -1024 -2023.070068 ) (2048 -1024 3063.070068 ) (2048 0 3063.070068 ) (2048 0 -2023.070068 ) 
4 103 105 (2048 -1024 3063.070068 ) (2048 -1024 -2023.070068 ) (3072 -1024 -2023.070068 ) (3072 -1024 3063.070068 ) 
4 104 139 (4096 -2048 -2023.070068 ) (4096 -2048 3063.070068 ) (3072 -2048 3063.070068 ) (3072 -2048 -2023.070068 ) 
4 104 105 (3072 -1024 3063.070068 ) (3072 -1024 -2023.070068 ) (3072 -2048 -2023.070068 ) (3072 -2048 3063.070068 ) 
4 105 140 (3072 -2048 -2023.070068 ) (3072 -2048 3063.070068 ) (2048 -2048 3063.070068 ) (2048 -2048 -2023.070068 ) 
4 105 137 (2048 -2048 -2023.070068 ) (2048 -2048 3063.070068 ) (2048 -1024 3063.070068 ) (2048 -1024 -2023.070068 ) 
4 106 135 (2048 0 1792 ) (2048 0 3063.070068 ) (1024 0 3063.070068 ) (1024 0 1792 ) 
4 106 121 (1024 1024 3063.070068 ) (1024 1024 1792 ) (1024 0 1792 ) (1024 0 3063.070068 ) 
4 106 109 (1408 1024 1792 ) (1536 1024 1792 ) (1536 767.875000 1792 ) (1408 767.875000 1792 ) 
4 106 110 (1024 767.875000 1792 ) (1024 1024 1792 ) (1360 1024 1792 ) (1360 767.875000 1792 ) 
4 106 108 (1664 1024 1792 ) (2048 1024 1792 ) (2048 767.875000 1792 ) (1664 767.875000 1792 ) 
4 106 111 (1024 0 1792 ) (1024 767.875000 1792 ) (2048 767.875000 1792 ) (2048 0 1792 ) 
4 107 109 (1408 1023.880066 1664 ) (1536 1023.880066 1664 ) (1536 1023.880066 1792 ) (1408 1023.880066 1792 ) 
4 107 110 (1024 1023.880066 1664 ) (1360 1023.880066 1664 ) (1360 1023.880066 1792 ) (1024 1023.880066 1792 ) 
4 107 108 (1664 1023.880066 1664 ) (2048 1023.880066 1664 ) (2048 1023.880066 1792 ) (1664 1023.880066 1792 ) 
4 108 111 (1664 767.875000 1664 ) (2048 767.875000 1664 ) (2048 767.875000 1792 ) (1664 767.875000 1792 ) 
4 109 111 (1408 767.875000 1664 ) (1536 767.875000 1664 ) (1536 767.875000 1792 ) (1408 767.875000 1792 ) 
4 110 122 (1024 1024 1792 ) (1024 1024 1664 ) (1024 768.125000 1664 ) (1024 768.125000 1792 ) 
4 110 125 (1024 768.125000 1664 ) (1024 767.875000 1664 ) (1024 767.875000 1792 ) (1024 768.125000 1792 ) 
4 110 113 (1344 800.125000 1664 ) (1344 767.875000 1664 ) (1216 767.875000 1664 ) (1216 800.125000 1664 ) 
4 110 111 (1024 767.875000 1664 ) (1360 767.875000 1664 ) (1360 767.875000 1792 ) (1024 767.875000 1792 ) 
4 111 135 (2048 0 1664 ) (2048 0 1792 ) (1024 0 1792 ) (1024 0 1664 ) 
4 111 125 (1024 767.875000 1664 ) (1024 0 1664 ) (1024 0 1792 ) (1024 767.875000 1792 ) 
4 111 115 (1216 0 1664 ) (1024 0 1664 ) (1024 512.125000 1664 ) (1216 512.125000 1664 ) 
4 111 113 (1216 736.125000 1664 ) (1216 767.875000 1664 ) (1344 767.875000 1664 ) (1344 736.125000 1664 ) 
4 111 114 (1344 0 1664 ) (1216 0 1664 ) (1216 512.125000 1664 ) (1344 512.125000 1664 ) 
4 111 112 (2048 0 1664 ) (1344 0 1664 ) (1344 512.125000 1664 ) (2048 512.125000 1664 ) 
4 112 135 (2048 0 1536 ) (2048 0 1664 ) (1344 0 1664 ) (1344 0 1536 ) 
4 112 116 (2048 512.125000 1536 ) (2048 0 1536 ) (1344 0 1536 ) (1344 512.125000 1536 ) 
4 112 114 (1344 512.125000 1536 ) (1344 0 1536 ) (1344 0 1664 ) (1344 512.125000 1664 ) 
4 114 135 (1344 0 1664 ) (1216 0 1664 ) (1216 0 1536 ) (1344 0 1536 ) 
4 114 118 (1344 512.125000 1536 ) (1344 0 1536 ) (1216 0 1536 ) (1216 512.125000 1536 ) 
4 114 115 (1216 512.125000 1536 ) (1216 0 1536 ) (1216 0 1664 ) (1216 512.125000 1664 ) 
4 115 135 (1216 0 1664 ) (1024 0 1664 ) (1024 0 1536 ) (1216 0 1536 ) 
4 115 126 (1024 512.125000 1536 ) (1024 0 1536 ) (1024 0 1664 ) (1024 512.125000 1664 ) 
4 115 119 (1024 0 1536 ) (1024 512.125000 1536 ) (1216 512.125000 1536 ) (1216 0 1536 ) 
4 116 135 (2048 0 1472 ) (2048 0 1536 ) (1344 0 1536 ) (1344 0 1472 ) 
4 116 120 (2048 0 1472 ) (1344 0 1472 ) (1344 1024 1472 ) (2048 1024 1472 ) 
4 116 117 (1344 1024 1472 ) (1344 800.125000 1472 ) (1344 800.125000 1536 ) (1344 1024 1536 ) 
4 116 118 (1344 736.125000 1472 ) (1344 0 1472 ) (1344 0 1536 ) (1344 736.125000 1536 ) 
4 117 120 (1216 800.125000 1472 ) (1216 1024 1472 ) (1344 1024 1472 ) (1344 800.125000 1472 ) 
4 117 119 (1216 1024 1472 ) (1216 800.125000 1472 ) (1216 800.125000 1536 ) (1216 1024 1536 ) 
4 118 135 (1344 0 1536 ) (1216 0 1536 ) (1216 0 1472 ) (1344 0 1472 ) 
4 118 120 (1344 0 1472 ) (1216 0 1472 ) (1216 736.125000 1472 ) (1344 736.125000 1472 ) 
4 118 119 (1216 736.125000 1472 ) (1216 0 1472 ) (1216 0 1536 ) (1216 736.125000 1536 ) 
4 119 135 (1216 0 1536 ) (1024 0 1536 ) (1024 0 1472 ) (1216 0 1472 ) 
4 119 130 (1024 1024 1536 ) (1024 1024 1472 ) (1024 0 1472 ) (1024 0 1536 ) 
4 119 120 (1216 0 1472 ) (1024 0 1472 ) (1024 1024 1472 ) (1216 1024 1472 ) 
4 120 135 (2048 0 -2023.070068 ) (2048 0 1472 ) (1024 0 1472 ) (1024 0 -2023.070068 ) 
4 120 134 (1024 1024 1472 ) (1024 1024 -2023.070068 ) (1024 0 -2023.070068 ) (1024 0 1472 ) 
4 121 177 (0 512.125000 3063.070068 ) (0 1024 3063.070068 ) (0 1024 1792 ) (0 512.125000 1792 ) 
4 121 178 (0 0 1792 ) (0 0 3063.070068 ) (0 512.125000 3063.070068 ) (0 512.125000 1792 ) 
4 121 136 (1024 0 1792 ) (1024 0 3063.070068 ) (0 0 3063.070068 ) (0 0 1792 ) 
4 121 123 (256 1024 1792 ) (384 1024 1792 ) (384 768.125000 1792 ) (256 768.125000 1792 ) 
4 121 124 (0 768.125000 1792 ) (0 1024 1792 ) (208 1024 1792 ) (208 768.125000 1792 ) 
4 121 122 (512 1024 1792 ) (1024 1024 1792 ) (1024 768.125000 1792 ) (512 768.125000 1792 ) 
4 121 125 (1024 0 1792 ) (0 0 1792 ) (0 768.125000 1792 ) (1024 768.125000 1792 ) 
4 122 125 (512 768.125000 1664 ) (1024 768.125000 1664 ) (1024 768.125000 1792 ) (512 768.125000 1792 ) 
4 123 125 (256 768.125000 1664 ) (384 768.125000 1664 ) (384 768.125000 1792 ) (256 768.125000 1792 ) 
4 124 177 (0 768.125000 1792 ) (0 1024 1792 ) (0 1024 1664 ) (0 768.125000 1664 ) 
4 124 127 (192 768.125000 1664 ) (64 768.125000 1664 ) (64 800.125000 1664 ) (192 800.125000 1664 ) 
4 124 125 (0 768.125000 1664 ) (208 768.125000 1664 ) (208 768.125000 1792 ) (0 768.125000 1792 ) 
4 125 177 (0 512.125000 1792 ) (0 768.125000 1792 ) (0 768.125000 1664 ) (0 512.125000 1664 ) 
4 125 178 (0 0 1664 ) (0 0 1792 ) (0 512.125000 1792 ) (0 512.125000 1664 ) 
4 125 136 (1024 0 1664 ) (1024 0 1792 ) (0 0 1792 ) (0 0 1664 ) 
4 125 129 (64 0 1664 ) (0 0 1664 ) (0 512.125000 1664 ) (64 512.125000 1664 ) 
4 125 128 (192 0 1664 ) (64 0 1664 ) (64 512.125000 1664 ) (192 512.125000 1664 ) 
4 125 127 (64 736.125000 1664 ) (64 768.125000 1664 ) (192 768.125000 1664 ) (192 736.125000 1664 ) 
4 125 126 (1024 512.125000 1664 ) (1024 0 1664 ) (192 0 1664 ) (192 512.125000 1664 ) 
4 126 136 (1024 0 1536 ) (1024 0 1664 ) (192 0 1664 ) (192 0 1536 ) 
4 126 130 (1024 0 1536 ) (192 0 1536 ) (192 512.125000 1536 ) (1024 512.125000 1536 ) 
4 126 128 (192 512.125000 1536 ) (192 0 1536 ) (192 0 1664 ) (192 512.125000 1664 ) 
4 128 136 (192 0 1664 ) (64 0 1664 ) (64 0 1536 ) (192 0 1536 ) 
4 128 132 (192 0 1536 ) (64 0 1536 ) (64 512.125000 1536 ) (192 512.125000 1536 ) 
4 128 129 (64 512.125000 1536 ) (64 0 1536 ) (64 0 1664 ) (64 512.125000 1664 ) 
4 129 178 (0 0 1536 ) (0 0 1664 ) (0 512.125000 1664 ) (0 512.125000 1536 ) 
4 129 136 (64 0 1664 ) (0 0 1664 ) (0 0 1536 ) (64 0 1536 ) 
4 129 133 (64 0 1536 ) (0 0 1536 ) (0 512.125000 1536 ) (64 512.125000 1536 ) 
4 130 136 (1024 0 1472 ) (1024 0 1536 ) (192 0 1536 ) (192 0 1472 ) 
4 130 134 (1024 1024 1472 ) (1024 0 1472 ) (192 0 1472 ) (192 1024 1472 ) 
4 130 131 (192 1024 1472 ) (192 800.125000 1472 ) (192 800.125000 1536 ) (192 1024 1536 ) 
4 130 132 (192 736.125000 1472 ) (192 0 1472 ) (192 0 1536 ) (192 736.125000 1536 ) 
4 131 134 (64 800.125000 1472 ) (64 1024 1472 ) (192 1024 1472 ) (192 800.125000 1472 ) 
4 131 133 (64 1024 1472 ) (64 800.125000 1472 ) (64 800.125000 1536 ) (64 1024 1536 ) 
4 132 136 (192 0 1536 ) (64 0 1536 ) (64 0 1472 ) (192 0 1472 ) 
4 132 134 (192 0 1472 ) (64 0 1472 ) (64 736.125000 1472 ) (192 736.125000 1472 ) 
4 132 133 (64 736.125000 1472 ) (64 0 1472 ) (64 0 1536 ) (64 736.125000 1536 ) 
4 133 180 (0 0 1472 ) (0 0 1536 ) (0 1024 1536 ) (0 1024 1472 ) 
4 133 136 (64 0 1536 ) (0 0 1536 ) (0 0 1472 ) (64 0 1472 ) 
4 133 134 (64 0 1472 ) (0 0 1472 ) (0 1024 1472 ) (64 1024 1472 ) 
4 134 180 (0 0 -2023.070068 ) (0 0 1472 ) (0 1024 1472 ) (0 1024 -2023.070068 ) 
4 134 136 (1024 0 -2023.070068 ) (1024 0 1472 ) (0 0 1472 ) (0 0 -2023.070068 ) 
4 135 137 (2048 -1024 -2023.070068 ) (2048 -1024 3063.070068 ) (1024 -1024 3063.070068 ) (1024 -1024 -2023.070068 ) 
4 135 136 (1024 -1024 -2023.070068 ) (1024 -1024 3063.070068 ) (1024 0 3063.070068 ) (1024 0 -2023.070068 ) 
4 136 182 (0 -1024 -2023.070068 ) (0 -1024 3063.070068 ) (0 0 3063.070068 ) (0 0 -2023.070068 ) 
4 136 138 (0 -1024 3063.070068 ) (0 -1024 -2023.070068 ) (1024 -1024 -2023.070068 ) (1024 -1024 3063.070068 ) 
4 137 143 (2048 -2048 -2023.070068 ) (2048 -2048 3063.070068 ) (1024 -2048 3063.070068 ) (1024 -2048 -2023.070068 ) 
4 137 138 (1024 -1024 3063.070068 ) (1024 -1024 -2023.070068 ) (1024 -2048 -2023.070068 ) (1024 -2048 3063.070068 ) 
4 138 184 (0 -2048 -2023.070068 ) (0 -2048 3063.070068 ) (0 -1024 3063.070068 ) (0 -1024 -2023.070068 ) 
4 138 144 (1024 -2048 -2023.070068 ) (1024 -2048 3063.070068 ) (0 -2048 3063.070068 ) (0 -2048 -2023.070068 ) 
4 139 141 (4096 -3072 -2023.070068 ) (4096 -3072 3063.070068 ) (3072 -3072 3063.070068 ) (3072 -3072 -2023.070068 ) 
4 139 140 (3072 -2048 3063.070068 ) (3072 -2048 -2023.070068 ) (3072 -3072 -2023.070068 ) (3072 -3072 3063.070068 ) 
4 140 143 (2048 -2048 3063.070068 ) (2048 -2048 -2023.070068 ) (2048 -3072 -2023.070068 ) (2048 -3072 3063.070068 ) 
4 140 142 (3072 -3072 -2023.070068 ) (3072 -3072 3063.070068 ) (2048 -3072 3063.070068 ) (2048 -3072 -2023.070068 ) 
4 141 142 (3072 -3840 3063.070068 ) (3072 -3072 3063.070068 ) (3072 -3072 -2023.070068 ) (3072 -3840 -2023.070068 ) 
4 142 145 (2048 -3840 3063.070068 ) (2048 -3072 3063.070068 ) (2048 -3072 -2023.070068 ) (2048 -3840 -2023.070068 ) 
4 143 145 (2048 -3072 -2023.070068 ) (2048 -3072 3063.070068 ) (1024 -3072 3063.070068 ) (1024 -3072 -2023.070068 ) 
4 143 144 (1024 -2048 3063.070068 ) (1024 -2048 -2023.070068 ) (1024 -3072 -2023.070068 ) (1024 -3072 3063.070068 ) 
4 144 192 (0 -3072 -2023.070068 ) (0 -3072 3063.070068 ) (0 -2048 3063.070068 ) (0 -2048 -2023.070068 ) 
4 144 146 (1024 -3072 -2023.070068 ) (1024 -3072 3063.070068 ) (0 -3072 3063.070068 ) (0 -3072 -2023.070068 ) 
4 145 146 (1024 -3840 3063.070068 ) (1024 -3072 3063.070068 ) (1024 -3072 -2023.070068 ) (1024 -3840 -2023.070068 ) 
4 146 194 (0 -3840 3063.070068 ) (0 -3072 3063.070068 ) (0 -3072 -2023.070068 ) (0 -3840 -2023.070068 ) 
4 147 151 (0 4096 -2023.070068 ) (0 4096 3063.070068 ) (-1024 4096 3063.070068 ) (-1024 4096 -2023.070068 ) 
4 147 148 (-1024 4096 -2023.070068 ) (-1024 4096 3063.070068 ) (-1024 4352 3063.070068 ) (-1024 4352 -2023.070068 ) 
4 148 152 (-1024 4096 -2023.070068 ) (-1024 4096 3063.070068 ) (-2048 4096 3063.070068 ) (-2048 4096 -2023.070068 ) 
4 148 149 (-2048 4096 -2023.070068 ) (-2048 4096 3063.070068 ) (-2048 4352 3063.070068 ) (-2048 4352 -2023.070068 ) 
4 149 159 (-2048 4096 -2023.070068 ) (-2048 4096 3063.070068 ) (-3072 4096 3063.070068 ) (-3072 4096 -2023.070068 ) 
4 149 150 (-3072 4096 -2023.070068 ) (-3072 4096 3063.070068 ) (-3072 4352 3063.070068 ) (-3072 4352 -2023.070068 ) 
4 150 165 (-4096 4096 -2023.070068 ) (-4096 4096 3063.070068 ) (-4096 4352 3063.070068 ) (-4096 4352 -2023.070068 ) 
4 150 160 (-3072 4096 -2023.070068 ) (-3072 4096 3063.070068 ) (-4096 4096 3063.070068 ) (-4096 4096 -2023.070068 ) 
4 151 153 (0 3072 -2023.070068 ) (0 3072 3063.070068 ) (-1024 3072 3063.070068 ) (-1024 3072 -2023.070068 ) 
4 151 152 (-1024 4096 3063.070068 ) (-1024 4096 -2023.070068 ) (-1024 3072 -2023.070068 ) (-1024 3072 3063.070068 ) 
4 152 159 (-2048 4096 3063.070068 ) (-2048 4096 -2023.070068 ) (-2048 3072 -2023.070068 ) (-2048 3072 3063.070068 ) 
4 152 154 (-1024 3072 -2023.070068 ) (-1024 3072 3063.070068 ) (-2048 3072 3063.070068 ) (-2048 3072 -2023.070068 ) 
4 153 157 (0 2048 -2023.070068 ) (0 2048 1536 ) (-1024 2048 1536 ) (-1024 2048 -2023.070068 ) 
4 153 155 (0 2048 1536 ) (0 2048 3063.070068 ) (-768 2048 3063.070068 ) (-768 2048 1536 ) 
4 153 156 (-768 2048 3063.070068 ) (-1024 2048 3063.070068 ) (-1024 2048 1536 ) (-768 2048 1536 ) 
4 153 154 (-1024 2048 -2023.070068 ) (-1024 2048 3063.070068 ) (-1024 3072 3063.070068 ) (-1024 3072 -2023.070068 ) 
4 154 161 (-2048 2048 -2023.070068 ) (-2048 2048 3063.070068 ) (-2048 3072 3063.070068 ) (-2048 3072 -2023.070068 ) 
4 154 158 (-2048 2048 3063.070068 ) (-2048 2048 -2023.070068 ) (-1024 2048 -2023.070068 ) (-1024 2048 3063.070068 ) 
4 155 157 (-768 2048 1536 ) (0 2048 1536 ) (0 1024 1536 ) (-768 1024 1536 ) 
4 155 156 (-768 2048 1536 ) (-768 1024 1536 ) (-768 1024 3063.070068 ) (-768 2048 3063.070068 ) 
4 156 179 (-768 1024 3063.070068 ) (-1024 1024 3063.070068 ) (-1024 1024 1536 ) (-768 1024 1536 ) 
4 156 158 (-1024 2048 3063.070068 ) (-1024 2048 1536 ) (-1024 1024 1536 ) (-1024 1024 3063.070068 ) 
4 156 157 (-1024 2048 1536 ) (-768 2048 1536 ) (-768 1024 1536 ) (-1024 1024 1536 ) 
4 157 180 (0 1024 -2023.070068 ) (0 1024 1536 ) (-1024 1024 1536 ) (-1024 1024 -2023.070068 ) 
4 157 158 (-1024 2048 1536 ) (-1024 2048 -2023.070068 ) (-1024 1024 -2023.070068 ) (-1024 1024 1536 ) 
4 158 181 (-1024 1024 -2023.070068 ) (-1024 1024 3063.070068 ) (-2048 1024 3063.070068 ) (-2048 1024 -2023.070068 ) 
4 158 163 (-2048 1024 -2023.070068 ) (-2048 1024 3063.070068 ) (-2048 2048 3063.070068 ) (-2048 2048 -2023.070068 ) 
4 159 161 (-2048 3072 -2023.070068 ) (-2048 3072 3063.070068 ) (-3072 3072 3063.070068 ) (-3072 3072 -2023.070068 ) 
4 159 160 (-3072 4096 3063.070068 ) (-3072 4096 -2023.070068 ) (-3072 3072 -2023.070068 ) (-3072 3072 3063.070068 ) 
4 160 168 (-4096 3072 -2023.070068 ) (-4096 3072 3063.070068 ) (-4096 4096 3063.070068 ) (-4096 4096 -2023.070068 ) 
4 160 162 (-3072 3072 -2023.070068 ) (-3072 3072 3063.070068 ) (-4096 3072 3063.070068 ) (-4096 3072 -2023.070068 ) 
4 161 163 (-2048 2048 -2023.070068 ) (-2048 2048 3063.070068 ) (-3072 2048 3063.070068 ) (-3072 2048 -2023.070068 ) 
4 161 162 (-3072 2048 -2023.070068 ) (-3072 2048 3063.070068 ) (-3072 3072 3063.070068 ) (-3072 3072 -2023.070068 ) 
4 162 170 (-4096 2048 -2023.070068 ) (-4096 2048 3063.070068 ) (-4096 3072 3063.070068 ) (-4096 3072 -2023.070068 ) 
4 162 164 (-4096 2048 3063.070068 ) (-4096 2048 -2023.070068 ) (-3072 2048 -2023.070068 ) (-3072 2048 3063.070068 ) 
4 163 186 (-2048 1024 -2023.070068 ) (-2048 1024 3063.070068 ) (-3072 1024 3063.070068 ) (-3072 1024 -2023.070068 ) 
4 163 164 (-3072 2048 3063.070068 ) (-3072 2048 -2023.070068 ) (-3072 1024 -2023.070068 ) (-3072 1024 3063.070068 ) 
4 164 187 (-3072 1024 -2023.070068 ) (-3072 1024 3063.070068 ) (-4096 1024 3063.070068 ) (-4096 1024 -2023.070068 ) 
4 164 172 (-4096 1024 -2023.070068 ) (-4096 1024 3063.070068 ) (-4096 2048 3063.070068 ) (-4096 2048 -2023.070068 ) 
4 165 168 (-4096 4096 -2023.070068 ) (-4096 4096 3063.070068 ) (-5120 4096 3063.070068 ) (-5120 4096 -2023.070068 ) 
4 165 166 (-5120 4096 -2023.070068 ) (-5120 4096 3063.070068 ) (-5120 4352 3063.070068 ) (-5120 4352 -2023.070068 ) 
4 166 169 (-5120 4096 -2023.070068 ) (-5120 4096 3063.070068 ) (-6144 4096 3063.070068 ) (-6144 4096 -2023.070068 ) 
4 166 167 (-6144 4096 -2023.070068 ) (-6144 4096 3063.070068 ) (-6144 4352 3063.070068 ) (-6144 4352 -2023.070068 ) 
4 167 174 (-6144 4096 -2023.070068 ) (-6144 4096 3063.070068 ) (-6595.049805 4096 3063.070068 ) (-6595.049805 4096 -2023.070068 ) 
4 168 170 (-4096 3072 -2023.070068 ) (-4096 3072 3063.070068 ) (-5120 3072 3063.070068 ) (-5120 3072 -2023.070068 ) 
4 168 169 (-5120 4096 3063.070068 ) (-5120 4096 -2023.070068 ) (-5120 3072 -2023.070068 ) (-5120 3072 3063.070068 ) 
4 169 174 (-6144 4096 3063.070068 ) (-6144 4096 -2023.070068 ) (-6144 3072 -2023.070068 ) (-6144 3072 3063.070068 ) 
4 169 171 (-5120 3072 -2023.070068 ) (-5120 3072 3063.070068 ) (-6144 3072 3063.070068 ) (-6144 3072 -2023.070068 ) 
4 170 172 (-4096 2048 -2023.070068 ) (-4096 2048 3063.070068 ) (-5120 2048 3063.070068 ) (-5120 2048 -2023.070068 ) 
4 170 171 (-5120 2048 -2023.070068 ) (-5120 2048 3063.070068 ) (-5120 3072 3063.070068 ) (-5120 3072 -2023.070068 ) 
4 171 175 (-6144 2048 -2023.070068 ) (-6144 2048 3063.070068 ) (-6144 3072 3063.070068 ) (-6144 3072 -2023.070068 ) 
4 171 173 (-6144 2048 3063.070068 ) (-6144 2048 -2023.070068 ) (-5120 2048 -2023.070068 ) (-5120 2048 3063.070068 ) 
4 172 200 (-4096 1024 -2023.070068 ) (-4096 1024 3063.070068 ) (-5120 1024 3063.070068 ) (-5120 1024 -2023.070068 ) 
4 172 173 (-5120 2048 3063.070068 ) (-5120 2048 -2023.070068 ) (-5120 1024 -2023.070068 ) (-5120 1024 3063.070068 ) 
4 173 201 (-5120 1024 -2023.070068 ) (-5120 1024 3063.070068 ) (-6144 1024 3063.070068 ) (-6144 1024 -2023.070068 ) 
4 173 176 (-6144 1024 -2023.070068 ) (-6144 1024 3063.070068 ) (-6144 2048 3063.070068 ) (-6144 2048 -2023.070068 ) 
4 174 175 (-6144 3072 -2023.070068 ) (-6144 3072 3063.070068 ) (-6595.049805 3072 3063.070068 ) (-6595.049805 3072 -2023.070068 ) 
4 175 176 (-6144 2048 -2023.070068 ) (-6144 2048 3063.070068 ) (-6595.049805 2048 3063.070068 ) (-6595.049805 2048 -2023.070068 ) 
4 176 206 (-6144 1024 -2023.070068 ) (-6144 1024 3063.070068 ) (-6595.049805 1024 3063.070068 ) (-6595.049805 1024 -2023.070068 ) 
4 177 178 (-768 512.125000 3063.070068 ) (-768 512.125000 1664 ) (0 512.125000 1664 ) (0 512.125000 3063.070068 ) 
4 177 179 (-768 512.125000 1664 ) (-768 512.125000 3063.070068 ) (-768 1024 3063.070068 ) (-768 1024 1664 ) 
4 178 182 (0 0 1536 ) (0 0 3063.070068 ) (-768 0 3063.070068 ) (-768 0 1536 ) 
4 178 180 (0 0 1536 ) (-768 0 1536 ) (-768 512.125000 1536 ) (0 512.125000 1536 ) 
4 178 179 (-768 512.125000 1536 ) (-768 0 1536 ) (-768 0 3063.070068 ) (-768 512.125000 3063.070068 ) 
4 179 182 (-768 0 3063.070068 ) (-1024 0 3063.070068 ) (-1024 0 1536 ) (-768 0 1536 ) 
4 179 181 (-1024 1024 3063.070068 ) (-1024 1024 1536 ) (-1024 0 1536 ) (-1024 0 3063.070068 ) 
4 179 180 (-768 0 1536 ) (-1024 0 1536 ) (-1024 1024 1536 ) (-768 1024 1536 ) 
4 180 182 (0 0 -2023.070068 ) (0 0 1536 ) (-1024 0 1536 ) (-1024 0 -2023.070068 ) 
4 180 181 (-1024 1024 1536 ) (-1024 1024 -2023.070068 ) (-1024 0 -2023.070068 ) (-1024 0 1536 ) 
4 181 186 (-2048 1024 3063.070068 ) (-2048 1024 -2023.070068 ) (-2048 0 -2023.070068 ) (-2048 0 3063.070068 ) 
4 181 183 (-1024 0 -2023.070068 ) (-1024 0 3063.070068 ) (-2048 0 3063.070068 ) (-2048 0 -2023.070068 ) 
4 182 184 (0 -1024 -2023.070068 ) (0 -1024 3063.070068 ) (-1024 -1024 3063.070068 ) (-1024 -1024 -2023.070068 ) 
4 182 183 (-1024 -1024 -2023.070068 ) (-1024 -1024 3063.070068 ) (-1024 0 3063.070068 ) (-1024 0 -2023.070068 ) 
4 183 188 (-2048 -1024 -2023.070068 ) (-2048 -1024 3063.070068 ) (-2048 0 3063.070068 ) (-2048 0 -2023.070068 ) 
4 183 185 (-2048 -1024 3063.070068 ) (-2048 -1024 -2023.070068 ) (-1024 -1024 -2023.070068 ) (-1024 -1024 3063.070068 ) 
4 184 192 (0 -2048 -2023.070068 ) (0 -2048 3063.070068 ) (-1024 -2048 3063.070068 ) (-1024 -2048 -2023.070068 ) 
4 184 185 (-1024 -1024 3063.070068 ) (-1024 -1024 -2023.070068 ) (-1024 -2048 -2023.070068 ) (-1024 -2048 3063.070068 ) 
4 185 193 (-1024 -2048 -2023.070068 ) (-1024 -2048 3063.070068 ) (-2048 -2048 3063.070068 ) (-2048 -2048 -2023.070068 ) 
4 185 190 (-2048 -2048 -2023.070068 ) (-2048 -2048 3063.070068 ) (-2048 -1024 3063.070068 ) (-2048 -1024 -2023.070068 ) 
4 186 188 (-2048 0 -2023.070068 ) (-2048 0 3063.070068 ) (-3072 0 3063.070068 ) (-3072 0 -2023.070068 ) 
4 186 187 (-3072 1024 3063.070068 ) (-3072 1024 -2023.070068 ) (-3072 0 -2023.070068 ) (-3072 0 3063.070068 ) 
4 187 200 (-4096 1024 3063.070068 ) (-4096 1024 -2023.070068 ) (-4096 0 -2023.070068 ) (-4096 0 3063.070068 ) 
4 187 189 (-3072 0 -2023.070068 ) (-3072 0 3063.070068 ) (-4096 0 3063.070068 ) (-4096 0 -2023.070068 ) 
4 188 190 (-2048 -1024 -2023.070068 ) (-2048 -1024 3063.070068 ) (-3072 -1024 3063.070068 ) (-3072 -1024 -2023.070068 ) 
4 188 189 (-3072 -1024 -2023.070068 ) (-3072 -1024 3063.070068 ) (-3072 0 3063.070068 ) (-3072 0 -2023.070068 ) 
4 189 202 (-4096 -1024 -2023.070068 ) (-4096 -1024 3063.070068 ) (-4096 0 3063.070068 ) (-4096 0 -2023.070068 ) 
4 189 191 (-4096 -1024 3063.070068 ) (-4096 -1024 -2023.070068 ) (-3072 -1024 -2023.070068 ) (-3072 -1024 3063.070068 ) 
4 190 196 (-2048 -2048 -2023.070068 ) (-2048 -2048 3063.070068 ) (-3072 -2048 3063.070068 ) (-3072 -2048 -2023.070068 ) 
4 190 191 (-3072 -1024 3063.070068 ) (-3072 -1024 -2023.070068 ) (-3072 -2048 -2023.070068 ) (-3072 -2048 3063.070068 ) 
4 191 204 (-4096 -2048 -2023.070068 ) (-4096 -2048 3063.070068 ) (-4096 -1024 3063.070068 ) (-4096 -1024 -2023.070068 ) 
4 191 197 (-3072 -2048 -2023.070068 ) (-3072 -2048 3063.070068 ) (-4096 -2048 3063.070068 ) (-4096 -2048 -2023.070068 ) 
4 192 194 (0 -3072 -2023.070068 ) (0 -3072 3063.070068 ) (-1024 -3072 3063.070068 ) (-1024 -3072 -2023.070068 ) 
4 192 193 (-1024 -2048 3063.070068 ) (-1024 -2048 -2023.070068 ) (-1024 -3072 -2023.070068 ) (-1024 -3072 3063.070068 ) 
4 193 196 (-2048 -2048 3063.070068 ) (-2048 -2048 -2023.070068 ) (-2048 -3072 -2023.070068 ) (-2048 -3072 3063.070068 ) 
4 193 195 (-1024 -3072 -2023.070068 ) (-1024 -3072 3063.070068 ) (-2048 -3072 3063.070068 ) (-2048 -3072 -2023.070068 ) 
4 194 195 (-1024 -3840 3063.070068 ) (-1024 -3072 3063.070068 ) (-1024 -3072 -2023.070068 ) (-1024 -3840 -2023.070068 ) 
4 195 198 (-2048 -3840 3063.070068 ) (-2048 -3072 3063.070068 ) (-2048 -3072 -2023.070068 ) (-2048 -3840 -2023.070068 ) 
4 196 198 (-2048 -3072 -2023.070068 ) (-2048 -3072 3063.070068 ) (-3072 -3072 3063.070068 ) (-3072 -3072 -2023.070068 ) 
4 196 197 (-3072 -2048 3063.070068 ) (-3072 -2048 -2023.070068 ) (-3072 -3072 -2023.070068 ) (-3072 -3072 3063.070068 ) 
4 197 209 (-4096 -3072 -2023.070068 ) (-4096 -3072 3063.070068 ) (-4096 -2048 3063.070068 ) (-4096 -2048 -2023.070068 ) 
4 197 199 (-3072 -3072 -2023.070068 ) (-3072 -3072 3063.070068 ) (-4096 -3072 3063.070068 ) (-4096 -3072 -2023.070068 ) 
4 198 199 (-3072 -3840 3063.070068 ) (-3072 -3072 3063.070068 ) (-3072 -3072 -2023.070068 ) (-3072 -3840 -2023.070068 ) 
4 199 211 (-4096 -3840 3063.070068 ) (-4096 -3072 3063.070068 ) (-4096 -3072 -2023.070068 ) (-4096 -3840 -2023.070068 ) 
4 200 202 (-4096 0 -2023.070068 ) (-4096 0 3063.070068 ) (-5120 0 3063.070068 ) (-5120 0 -2023.070068 ) 
4 200 201 (-5120 1024 3063.070068 ) (-5120 1024 -2023.070068 ) (-5120 0 -2023.070068 ) (-5120 0 3063.070068 ) 
4 201 206 (-6144 1024 3063.070068 ) (-6144 1024 -2023.070068 ) (-6144 0 -2023.070068 ) (-6144 0 3063.070068 ) 
4 201 203 (-5120 0 -2023.070068 ) (-5120 0 3063.070068 ) (-6144 0 3063.070068 ) (-6144 0 -2023.070068 ) 
4 202 204 (-4096 -1024 -2023.070068 ) (-4096 -1024 3063.070068 ) (-5120 -1024 3063.070068 ) (-5120 -1024 -2023.070068 ) 
4 202 203 (-5120 -1024 -2023.070068 ) (-5120 -1024 3063.070068 ) (-5120 0 3063.070068 ) (-5120 0 -2023.070068 ) 
4 203 207 (-6144 -1024 -2023.070068 ) (-6144 -1024 3063.070068 ) (-6144 0 3063.070068 ) (-6144 0 -2023.070068 ) 
4 203 205 (-6144 -1024 3063.070068 ) (-6144 -1024 -2023.070068 ) (-5120 -1024 -2023.070068 ) (-5120 -1024 3063.070068 ) 
4 204 209 (-4096 -2048 -2023.070068 ) (-4096 -2048 3063.070068 ) (-5120 -2048 3063.070068 ) (-5120 -2048 -2023.070068 ) 
4 204 205 (-5120 -1024 3063.070068 ) (-5120 -1024 -2023.070068 ) (-5120 -2048 -2023.070068 ) (-5120 -2048 3063.070068 ) 
4 205 210 (-5120 -2048 -2023.070068 ) (-5120 -2048 3063.070068 ) (-6144 -2048 3063.070068 ) (-6144 -2048 -2023.070068 ) 
4 205 208 (-6144 -2048 -2023.070068 ) (-6144 -2048 3063.070068 ) (-6144 -1024 3063.070068 ) (-6144 -1024 -2023.070068 ) 
4 206 207 (-6144 0 -2023.070068 ) (-6144 0 3063.070068 ) (-6595.049805 0 3063.070068 ) (-6595.049805 0 -2023.070068 ) 
4 207 208 (-6144 -1024 -2023.070068 ) (-6144 -1024 3063.070068 ) (-6595.049805 -1024 3063.070068 ) (-6595.049805 -1024 -2023.070068 ) 
4 208 213 (-6144 -2048 -2023.070068 ) (-6144 -2048 3063.070068 ) (-6595.049805 -2048 3063.070068 ) (-6595.049805 -2048 -2023.070068 ) 
4 209 211 (-4096 -3072 -2023.070068 ) (-4096 -3072 3063.070068 ) (-5120 -3072 3063.070068 ) (-5120 -3072 -2023.070068 ) 
4 209 210 (-5120 -2048 3063.070068 ) (-5120 -2048 -2023.070068 ) (-5120 -3072 -2023.070068 ) (-5120 -3072 3063.070068 ) 
4 210 213 (-6144 -2048 3063.070068 ) (-6144 -2048 -2023.070068 ) (-6144 -3072 -2023.070068 ) (-6144 -3072 3063.070068 ) 
4 210 212 (-5120 -3072 -2023.070068 ) (-5120 -3072 3063.070068 ) (-6144 -3072 3063.070068 ) (-6144 -3072 -2023.070068 ) 
4 211 212 (-5120 -3840 3063.070068 ) (-5120 -3072 3063.070068 ) (-5120 -3072 -2023.070068 ) (-5120 -3840 -2023.070068 ) 
4 212 214 (-6144 -3840 3063.070068 ) (-6144 -3072 3063.070068 ) (-6144 -3072 -2023.070068 ) (-6144 -3840 -2023.070068 ) 
4 213 214 (-6144 -3072 -2023.070068 ) (-6144 -3072 3063.070068 ) (-6595.049805 -3072 3063.070068 ) (-6595.049805 -3072 -2023.070068 ) 
